# JRE version: OpenJDK Runtime Environment (11.0.8+10) (build 11.0.8+10-b944.6842174)
# Java VM: OpenJDK 64-Bit Server VM (11.0.8+10-b944.6842174, mixed mode, tiered, compressed oops, g1 gc, windows-amd64)
Heap:
 garbage-first heap   total 328704K, used 136256K [0x0000000080000000, 0x0000000100000000)
  region size 1024K, 6 young (6144K), 6 survivors (6144K)
 Metaspace       used 89371K, capacity 91791K, committed 91980K, reserved 1128448K
  class space    used 11715K, capacity 12599K, committed 12672K, reserved 1048576K
GC Heap History (20 events):
Event: 12.198 GC heap after
{Heap after GC invocations=25 (full 0):
 garbage-first heap   total 152576K, used 79059K [0x0000000080000000, 0x0000000100000000)
  region size 1024K, 2 young (2048K), 2 survivors (2048K)
 Metaspace       used 83255K, capacity 85356K, committed 85580K, reserved 1124352K
  class space    used 10815K, capacity 11576K, committed 11648K, reserved 1048576K
}
Event: 12.383 GC heap before
{Heap before GC invocations=25 (full 0):
 garbage-first heap   total 152576K, used 114899K [0x0000000080000000, 0x0000000100000000)
  region size 1024K, 30 young (30720K), 2 survivors (2048K)
 Metaspace       used 83969K, capacity 86141K, committed 86476K, reserved 1124352K
  class space    used 10917K, capacity 11691K, committed 11776K, reserved 1048576K
}
Event: 12.389 GC heap after
{Heap after GC invocations=26 (full 0):
 garbage-first heap   total 152576K, used 88492K [0x0000000080000000, 0x0000000100000000)
  region size 1024K, 4 young (4096K), 4 survivors (4096K)
 Metaspace       used 83969K, capacity 86141K, committed 86476K, reserved 1124352K
  class space    used 10917K, capacity 11691K, committed 11776K, reserved 1048576K
}
Event: 12.450 GC heap before
{Heap before GC invocations=27 (full 0):
 garbage-first heap   total 152576K, used 91564K [0x0000000080000000, 0x0000000100000000)
  region size 1024K, 9 young (9216K), 4 survivors (4096K)
 Metaspace       used 84268K, capacity 86437K, committed 86732K, reserved 1124352K
  class space    used 10959K, capacity 11726K, committed 11776K, reserved 1048576K
}
Event: 12.456 GC heap after
{Heap after GC invocations=28 (full 0):
 garbage-first heap   total 183296K, used 89401K [0x0000000080000000, 0x0000000100000000)
  region size 1024K, 1 young (1024K), 1 survivors (1024K)
 Metaspace       used 84268K, capacity 86437K, committed 86732K, reserved 1124352K
  class space    used 10959K, capacity 11726K, committed 11776K, reserved 1048576K
}
Event: 12.762 GC heap before
{Heap before GC invocations=29 (full 0):
 garbage-first heap   total 183296K, used 122169K [0x0000000080000000, 0x0000000100000000)
  region size 1024K, 32 young (32768K), 1 survivors (1024K)
 Metaspace       used 84739K, capacity 86944K, committed 87116K, reserved 1124352K
  class space    used 11030K, capacity 11799K, committed 11904K, reserved 1048576K
}
Event: 12.774 GC heap after
{Heap after GC invocations=30 (full 0):
 garbage-first heap   total 183296K, used 98712K [0x0000000080000000, 0x0000000100000000)
  region size 1024K, 4 young (4096K), 4 survivors (4096K)
 Metaspace       used 84739K, capacity 86944K, committed 87116K, reserved 1124352K
  class space    used 11030K, capacity 11799K, committed 11904K, reserved 1048576K
}
Event: 13.037 GC heap before
{Heap before GC invocations=30 (full 0):
 garbage-first heap   total 183296K, used 126360K [0x0000000080000000, 0x0000000100000000)
  region size 1024K, 32 young (32768K), 4 survivors (4096K)
 Metaspace       used 86594K, capacity 88887K, committed 89036K, reserved 1126400K
  class space    used 11374K, capacity 12167K, committed 12288K, reserved 1048576K
}
Event: 13.054 GC heap after
{Heap after GC invocations=31 (full 0):
 garbage-first heap   total 183296K, used 112315K [0x0000000080000000, 0x0000000100000000)
  region size 1024K, 4 young (4096K), 4 survivors (4096K)
 Metaspace       used 86594K, capacity 88887K, committed 89036K, reserved 1126400K
  class space    used 11374K, capacity 12167K, committed 12288K, reserved 1048576K
}
Event: 13.284 GC heap before
{Heap before GC invocations=32 (full 0):
 garbage-first heap   total 183296K, used 133819K [0x0000000080000000, 0x0000000100000000)
  region size 1024K, 26 young (26624K), 4 survivors (4096K)
 Metaspace       used 87486K, capacity 89770K, committed 89932K, reserved 1126400K
  class space    used 11499K, capacity 12309K, committed 12416K, reserved 1048576K
}
Event: 13.299 GC heap after
{Heap after GC invocations=33 (full 0):
 garbage-first heap   total 183296K, used 124423K [0x0000000080000000, 0x0000000100000000)
  region size 1024K, 4 young (4096K), 4 survivors (4096K)
 Metaspace       used 87486K, capacity 89770K, committed 89932K, reserved 1126400K
  class space    used 11499K, capacity 12309K, committed 12416K, reserved 1048576K
}
Event: 13.414 GC heap before
{Heap before GC invocations=33 (full 0):
 garbage-first heap   total 183296K, used 128519K [0x0000000080000000, 0x0000000100000000)
  region size 1024K, 8 young (8192K), 4 survivors (4096K)
 Metaspace       used 88259K, capacity 90560K, committed 90828K, reserved 1128448K
  class space    used 11613K, capacity 12463K, committed 12544K, reserved 1048576K
}
Event: 13.428 GC heap after
{Heap after GC invocations=34 (full 0):
 garbage-first heap   total 244736K, used 124820K [0x0000000080000000, 0x0000000100000000)
  region size 1024K, 1 young (1024K), 1 survivors (1024K)
 Metaspace       used 88259K, capacity 90560K, committed 90828K, reserved 1128448K
  class space    used 11613K, capacity 12463K, committed 12544K, reserved 1048576K
}
Event: 13.790 GC heap before
{Heap before GC invocations=34 (full 0):
 garbage-first heap   total 244736K, used 154516K [0x0000000080000000, 0x0000000100000000)
  region size 1024K, 32 young (32768K), 1 survivors (1024K)
 Metaspace       used 88891K, capacity 91342K, committed 91468K, reserved 1128448K
  class space    used 11676K, capacity 12565K, committed 12672K, reserved 1048576K
}
Event: 13.799 GC heap after
{Heap after GC invocations=35 (full 0):
 garbage-first heap   total 244736K, used 128988K [0x0000000080000000, 0x0000000100000000)
  region size 1024K, 5 young (5120K), 5 survivors (5120K)
 Metaspace       used 88891K, capacity 91342K, committed 91468K, reserved 1128448K
  class space    used 11676K, capacity 12565K, committed 12672K, reserved 1048576K
}
Event: 14.561 GC heap before
{Heap before GC invocations=36 (full 0):
 garbage-first heap   total 244736K, used 167900K [0x0000000080000000, 0x0000000100000000)
  region size 1024K, 44 young (45056K), 5 survivors (5120K)
 Metaspace       used 89241K, capacity 91603K, committed 91724K, reserved 1128448K
  class space    used 11698K, capacity 12560K, committed 12672K, reserved 1048576K
}
Event: 14.574 GC heap after
{Heap after GC invocations=37 (full 0):
 garbage-first heap   total 244736K, used 133535K [0x0000000080000000, 0x0000000100000000)
  region size 1024K, 6 young (6144K), 6 survivors (6144K)
 Metaspace       used 89241K, capacity 91603K, committed 91724K, reserved 1128448K
  class space    used 11698K, capacity 12560K, committed 12672K, reserved 1048576K
}
Event: 14.657 GC heap before
{Heap before GC invocations=37 (full 0):
 garbage-first heap   total 244736K, used 138655K [0x0000000080000000, 0x0000000100000000)
  region size 1024K, 11 young (11264K), 6 survivors (6144K)
 Metaspace       used 89320K, capacity 91722K, committed 91980K, reserved 1128448K
  class space    used 11711K, capacity 12598K, committed 12672K, reserved 1048576K
}
Event: 14.670 GC heap after
{Heap after GC invocations=38 (full 0):
 garbage-first heap   total 244736K, used 131420K [0x0000000080000000, 0x0000000100000000)
  region size 1024K, 2 young (2048K), 2 survivors (2048K)
 Metaspace       used 89320K, capacity 91722K, committed 91980K, reserved 1128448K
  class space    used 11711K, capacity 12598K, committed 12672K, reserved 1048576K
}
Event: 14.748 GC heap before
{Heap before GC invocations=38 (full 0):
 garbage-first heap   total 244736K, used 157020K [0x0000000080000000, 0x0000000100000000)
  region size 1024K, 28 young (28672K), 2 survivors (2048K)
 Metaspace       used 89371K, capacity 91791K, committed 91980K, reserved 1128448K
  class space    used 11715K, capacity 12599K, committed 12672K, reserved 1048576K
}

