# JRE version: OpenJDK Runtime Environment (11.0.8+10) (build 11.0.8+10-b944.6842174)
# Java VM: OpenJDK 64-Bit Server VM (11.0.8+10-b944.6842174, mixed mode, tiered, compressed oops, g1 gc, windows-amd64)
Heap:
 garbage-first heap   total 152576K, used 82897K [0x0000000080000000, 0x0000000100000000)
  region size 1024K, 26 young (26624K), 8 survivors (8192K)
 Metaspace       used 85603K, capacity 87987K, committed 88268K, reserved 1126400K
  class space    used 11278K, capacity 12186K, committed 12288K, reserved 1048576K
GC Heap History (20 events):
Event: 6.151 GC heap before
{Heap before GC invocations=10 (full 0):
 garbage-first heap   total 126976K, used 88647K [0x0000000080000000, 0x0000000100000000)
  region size 1024K, 64 young (65536K), 6 survivors (6144K)
 Metaspace       used 49655K, capacity 50860K, committed 51072K, reserved 1093632K
  class space    used 6322K, capacity 6737K, committed 6784K, reserved 1048576K
}
Event: 6.158 GC heap after
{Heap after GC invocations=11 (full 0):
 garbage-first heap   total 126976K, used 37155K [0x0000000080000000, 0x0000000100000000)
  region size 1024K, 8 young (8192K), 8 survivors (8192K)
 Metaspace       used 49655K, capacity 50860K, committed 51072K, reserved 1093632K
  class space    used 6322K, capacity 6737K, committed 6784K, reserved 1048576K
}
Event: 6.836 GC heap before
{Heap before GC invocations=11 (full 0):
 garbage-first heap   total 126976K, used 89379K [0x0000000080000000, 0x0000000100000000)
  region size 1024K, 60 young (61440K), 8 survivors (8192K)
 Metaspace       used 56750K, capacity 58109K, committed 58240K, reserved 1099776K
  class space    used 7237K, capacity 7714K, committed 7808K, reserved 1048576K
}
Event: 6.843 GC heap after
{Heap after GC invocations=12 (full 0):
 garbage-first heap   total 126976K, used 42602K [0x0000000080000000, 0x0000000100000000)
  region size 1024K, 4 young (4096K), 4 survivors (4096K)
 Metaspace       used 56750K, capacity 58109K, committed 58240K, reserved 1099776K
  class space    used 7237K, capacity 7714K, committed 7808K, reserved 1048576K
}
Event: 7.060 GC heap before
{Heap before GC invocations=12 (full 0):
 garbage-first heap   total 126976K, used 61034K [0x0000000080000000, 0x0000000100000000)
  region size 1024K, 23 young (23552K), 4 survivors (4096K)
 Metaspace       used 58621K, capacity 60038K, committed 60160K, reserved 1101824K
  class space    used 7431K, capacity 7923K, committed 7936K, reserved 1048576K
}
Event: 7.065 GC heap after
{Heap after GC invocations=13 (full 0):
 garbage-first heap   total 126976K, used 44632K [0x0000000080000000, 0x0000000100000000)
  region size 1024K, 6 young (6144K), 6 survivors (6144K)
 Metaspace       used 58621K, capacity 60038K, committed 60160K, reserved 1101824K
  class space    used 7431K, capacity 7923K, committed 7936K, reserved 1048576K
}
Event: 7.570 GC heap before
{Heap before GC invocations=14 (full 0):
 garbage-first heap   total 126976K, used 89688K [0x0000000080000000, 0x0000000100000000)
  region size 1024K, 50 young (51200K), 6 survivors (6144K)
 Metaspace       used 61766K, capacity 63234K, committed 63564K, reserved 1103872K
  class space    used 7920K, capacity 8453K, committed 8576K, reserved 1048576K
}
Event: 7.577 GC heap after
{Heap after GC invocations=15 (full 0):
 garbage-first heap   total 126976K, used 47244K [0x0000000080000000, 0x0000000100000000)
  region size 1024K, 5 young (5120K), 5 survivors (5120K)
 Metaspace       used 61766K, capacity 63234K, committed 63564K, reserved 1103872K
  class space    used 7920K, capacity 8453K, committed 8576K, reserved 1048576K
}
Event: 8.319 GC heap before
{Heap before GC invocations=15 (full 0):
 garbage-first heap   total 126976K, used 92300K [0x0000000080000000, 0x0000000100000000)
  region size 1024K, 49 young (50176K), 5 survivors (5120K)
 Metaspace       used 66109K, capacity 67778K, committed 67916K, reserved 1107968K
  class space    used 8629K, capacity 9240K, committed 9344K, reserved 1048576K
}
Event: 8.327 GC heap after
{Heap after GC invocations=16 (full 0):
 garbage-first heap   total 126976K, used 50992K [0x0000000080000000, 0x0000000100000000)
  region size 1024K, 7 young (7168K), 7 survivors (7168K)
 Metaspace       used 66109K, capacity 67778K, committed 67916K, reserved 1107968K
  class space    used 8629K, capacity 9240K, committed 9344K, reserved 1048576K
}
Event: 8.973 GC heap before
{Heap before GC invocations=16 (full 0):
 garbage-first heap   total 126976K, used 95024K [0x0000000080000000, 0x0000000100000000)
  region size 1024K, 50 young (51200K), 7 survivors (7168K)
 Metaspace       used 71296K, capacity 72959K, committed 73164K, reserved 1112064K
  class space    used 9358K, capacity 9975K, committed 9984K, reserved 1048576K
}
Event: 8.980 GC heap after
{Heap after GC invocations=17 (full 0):
 garbage-first heap   total 126976K, used 54056K [0x0000000080000000, 0x0000000100000000)
  region size 1024K, 3 young (3072K), 3 survivors (3072K)
 Metaspace       used 71296K, capacity 72959K, committed 73164K, reserved 1112064K
  class space    used 9358K, capacity 9975K, committed 9984K, reserved 1048576K
}
Event: 10.854 GC heap before
{Heap before GC invocations=17 (full 0):
 garbage-first heap   total 126976K, used 97064K [0x0000000080000000, 0x0000000100000000)
  region size 1024K, 46 young (47104K), 3 survivors (3072K)
 Metaspace       used 74987K, capacity 76863K, committed 77132K, reserved 1116160K
  class space    used 9808K, capacity 10507K, committed 10624K, reserved 1048576K
}
Event: 10.860 GC heap after
{Heap after GC invocations=18 (full 0):
 garbage-first heap   total 126976K, used 56885K [0x0000000080000000, 0x0000000100000000)
  region size 1024K, 6 young (6144K), 6 survivors (6144K)
 Metaspace       used 74987K, capacity 76863K, committed 77132K, reserved 1116160K
  class space    used 9808K, capacity 10507K, committed 10624K, reserved 1048576K
}
Event: 11.471 GC heap before
{Heap before GC invocations=18 (full 0):
 garbage-first heap   total 126976K, used 98869K [0x0000000080000000, 0x0000000100000000)
  region size 1024K, 48 young (49152K), 6 survivors (6144K)
 Metaspace       used 75827K, capacity 77787K, committed 77900K, reserved 1116160K
  class space    used 9891K, capacity 10575K, committed 10624K, reserved 1048576K
}
Event: 11.477 GC heap after
{Heap after GC invocations=19 (full 0):
 garbage-first heap   total 152576K, used 59333K [0x0000000080000000, 0x0000000100000000)
  region size 1024K, 6 young (6144K), 6 survivors (6144K)
 Metaspace       used 75827K, capacity 77787K, committed 77900K, reserved 1116160K
  class space    used 9891K, capacity 10575K, committed 10624K, reserved 1048576K
}
Event: 12.174 GC heap before
{Heap before GC invocations=19 (full 0):
 garbage-first heap   total 152576K, used 110533K [0x0000000080000000, 0x0000000100000000)
  region size 1024K, 57 young (58368K), 6 survivors (6144K)
 Metaspace       used 79426K, capacity 81370K, committed 81740K, reserved 1120256K
  class space    used 10337K, capacity 11016K, committed 11136K, reserved 1048576K
}
Event: 12.186 GC heap after
{Heap after GC invocations=20 (full 0):
 garbage-first heap   total 152576K, used 62148K [0x0000000080000000, 0x0000000100000000)
  region size 1024K, 6 young (6144K), 6 survivors (6144K)
 Metaspace       used 79426K, capacity 81370K, committed 81740K, reserved 1120256K
  class space    used 10337K, capacity 11016K, committed 11136K, reserved 1048576K
}
Event: 12.721 GC heap before
{Heap before GC invocations=20 (full 0):
 garbage-first heap   total 152576K, used 113348K [0x0000000080000000, 0x0000000100000000)
  region size 1024K, 57 young (58368K), 6 survivors (6144K)
 Metaspace       used 83762K, capacity 86050K, committed 86348K, reserved 1124352K
  class space    used 10982K, capacity 11791K, committed 11904K, reserved 1048576K
}
Event: 12.732 GC heap after
{Heap after GC invocations=21 (full 0):
 garbage-first heap   total 152576K, used 66513K [0x0000000080000000, 0x0000000100000000)
  region size 1024K, 8 young (8192K), 8 survivors (8192K)
 Metaspace       used 83762K, capacity 86050K, committed 86348K, reserved 1124352K
  class space    used 10982K, capacity 11791K, committed 11904K, reserved 1048576K
}

