# JRE version: OpenJDK Runtime Environment (11.0.8+10) (build 11.0.8+10-b944.6842174)
# Java VM: OpenJDK 64-Bit Server VM (11.0.8+10-b944.6842174, mixed mode, tiered, compressed oops, g1 gc, windows-amd64)
Heap:
 garbage-first heap   total 183296K, used 123904K [0x0000000080000000, 0x0000000100000000)
  region size 1024K, 16 young (16384K), 2 survivors (2048K)
 Metaspace       used 112863K, capacity 115535K, committed 116044K, reserved 1155072K
  class space    used 13848K, capacity 14760K, committed 14924K, reserved 1048576K
GC Heap History (20 events):
Event: 9852.045 GC heap before
{Heap before GC invocations=66 (full 0):
 garbage-first heap   total 152576K, used 99643K [0x0000000080000000, 0x0000000100000000)
  region size 1024K, 11 young (11264K), 6 survivors (6144K)
 Metaspace       used 109022K, capacity 111596K, committed 112204K, reserved 1146880K
  class space    used 13537K, capacity 14462K, committed 14668K, reserved 1048576K
}
Event: 9852.063 GC heap after
{Heap after GC invocations=67 (full 0):
 garbage-first heap   total 152576K, used 98012K [0x0000000080000000, 0x0000000100000000)
  region size 1024K, 2 young (2048K), 2 survivors (2048K)
 Metaspace       used 109022K, capacity 111596K, committed 112204K, reserved 1146880K
  class space    used 13537K, capacity 14462K, committed 14668K, reserved 1048576K
}
Event: 9852.563 GC heap before
{Heap before GC invocations=68 (full 0):
 garbage-first heap   total 152576K, used 120540K [0x0000000080000000, 0x0000000100000000)
  region size 1024K, 21 young (21504K), 2 survivors (2048K)
 Metaspace       used 109044K, capacity 111645K, committed 112460K, reserved 1146880K
  class space    used 13535K, capacity 14457K, committed 14668K, reserved 1048576K
}
Event: 9852.571 GC heap after
{Heap after GC invocations=69 (full 0):
 garbage-first heap   total 152576K, used 103806K [0x0000000080000000, 0x0000000100000000)
  region size 1024K, 3 young (3072K), 3 survivors (3072K)
 Metaspace       used 109044K, capacity 111645K, committed 112460K, reserved 1146880K
  class space    used 13535K, capacity 14457K, committed 14668K, reserved 1048576K
}
Event: 9852.660 GC heap before
{Heap before GC invocations=69 (full 0):
 garbage-first heap   total 152576K, used 107902K [0x0000000080000000, 0x0000000100000000)
  region size 1024K, 7 young (7168K), 3 survivors (3072K)
 Metaspace       used 109080K, capacity 111645K, committed 112460K, reserved 1146880K
  class space    used 13535K, capacity 14457K, committed 14668K, reserved 1048576K
}
Event: 9852.666 GC heap after
{Heap after GC invocations=70 (full 0):
 garbage-first heap   total 152576K, used 104822K [0x0000000080000000, 0x0000000100000000)
  region size 1024K, 1 young (1024K), 1 survivors (1024K)
 Metaspace       used 109080K, capacity 111645K, committed 112460K, reserved 1146880K
  class space    used 13535K, capacity 14457K, committed 14668K, reserved 1048576K
}
Event: 9852.983 GC heap before
{Heap before GC invocations=70 (full 0):
 garbage-first heap   total 152576K, used 119158K [0x0000000080000000, 0x0000000100000000)
  region size 1024K, 16 young (16384K), 1 survivors (1024K)
 Metaspace       used 109098K, capacity 111714K, committed 112460K, reserved 1146880K
  class space    used 13536K, capacity 14459K, committed 14668K, reserved 1048576K
}
Event: 9852.989 GC heap after
{Heap after GC invocations=71 (full 0):
 garbage-first heap   total 152576K, used 107290K [0x0000000080000000, 0x0000000100000000)
  region size 1024K, 2 young (2048K), 2 survivors (2048K)
 Metaspace       used 109098K, capacity 111714K, committed 112460K, reserved 1146880K
  class space    used 13536K, capacity 14459K, committed 14668K, reserved 1048576K
}
Event: 9853.696 GC heap before
{Heap before GC invocations=72 (full 0):
 garbage-first heap   total 152576K, used 123674K [0x0000000080000000, 0x0000000100000000)
  region size 1024K, 17 young (17408K), 2 survivors (2048K)
 Metaspace       used 109646K, capacity 112261K, committed 112716K, reserved 1146880K
  class space    used 13592K, capacity 14514K, committed 14668K, reserved 1048576K
}
Event: 9853.704 GC heap after
{Heap after GC invocations=73 (full 0):
 garbage-first heap   total 152576K, used 109708K [0x0000000080000000, 0x0000000100000000)
  region size 1024K, 3 young (3072K), 3 survivors (3072K)
 Metaspace       used 109646K, capacity 112261K, committed 112716K, reserved 1146880K
  class space    used 13592K, capacity 14514K, committed 14668K, reserved 1048576K
}
Event: 9853.954 GC heap before
{Heap before GC invocations=73 (full 0):
 garbage-first heap   total 152576K, used 117900K [0x0000000080000000, 0x0000000100000000)
  region size 1024K, 7 young (7168K), 3 survivors (3072K)
 Metaspace       used 109678K, capacity 112261K, committed 112716K, reserved 1146880K
  class space    used 13594K, capacity 14514K, committed 14668K, reserved 1048576K
}
Event: 9853.965 GC heap after
{Heap after GC invocations=74 (full 0):
 garbage-first heap   total 152576K, used 108634K [0x0000000080000000, 0x0000000100000000)
  region size 1024K, 1 young (1024K), 1 survivors (1024K)
 Metaspace       used 109678K, capacity 112261K, committed 112716K, reserved 1146880K
  class space    used 13594K, capacity 14514K, committed 14668K, reserved 1048576K
}
Event: 9854.945 GC heap before
{Heap before GC invocations=74 (full 0):
 garbage-first heap   total 152576K, used 123994K [0x0000000080000000, 0x0000000100000000)
  region size 1024K, 16 young (16384K), 1 survivors (1024K)
 Metaspace       used 109724K, capacity 112329K, committed 112972K, reserved 1146880K
  class space    used 13596K, capacity 14515K, committed 14668K, reserved 1048576K
}
Event: 9854.951 GC heap after
{Heap after GC invocations=75 (full 0):
 garbage-first heap   total 152576K, used 110592K [0x0000000080000000, 0x0000000100000000)
  region size 1024K, 2 young (2048K), 2 survivors (2048K)
 Metaspace       used 109724K, capacity 112329K, committed 112972K, reserved 1146880K
  class space    used 13596K, capacity 14515K, committed 14668K, reserved 1048576K
}
Event: 9855.720 GC heap before
{Heap before GC invocations=76 (full 0):
 garbage-first heap   total 152576K, used 140288K [0x0000000080000000, 0x0000000100000000)
  region size 1024K, 17 young (17408K), 2 survivors (2048K)
 Metaspace       used 109999K, capacity 112581K, committed 112972K, reserved 1146880K
  class space    used 13615K, capacity 14526K, committed 14668K, reserved 1048576K
}
Event: 9855.734 GC heap after
{Heap after GC invocations=77 (full 0):
 garbage-first heap   total 152576K, used 111287K [0x0000000080000000, 0x0000000100000000)
  region size 1024K, 2 young (2048K), 2 survivors (2048K)
 Metaspace       used 109999K, capacity 112581K, committed 112972K, reserved 1146880K
  class space    used 13615K, capacity 14526K, committed 14668K, reserved 1048576K
}
Event: 9855.787 GC heap before
{Heap before GC invocations=77 (full 0):
 garbage-first heap   total 152576K, used 115383K [0x0000000080000000, 0x0000000100000000)
  region size 1024K, 7 young (7168K), 2 survivors (2048K)
 Metaspace       used 110050K, capacity 112721K, committed 113228K, reserved 1148928K
  class space    used 13616K, capacity 14528K, committed 14668K, reserved 1048576K
}
Event: 9855.800 GC heap after
{Heap after GC invocations=78 (full 0):
 garbage-first heap   total 152576K, used 111521K [0x0000000080000000, 0x0000000100000000)
  region size 1024K, 1 young (1024K), 1 survivors (1024K)
 Metaspace       used 110050K, capacity 112721K, committed 113228K, reserved 1148928K
  class space    used 13616K, capacity 14528K, committed 14668K, reserved 1048576K
}
Event: 9856.150 GC heap before
{Heap before GC invocations=78 (full 0):
 garbage-first heap   total 152576K, used 125857K [0x0000000080000000, 0x0000000100000000)
  region size 1024K, 16 young (16384K), 1 survivors (1024K)
 Metaspace       used 111119K, capacity 113711K, committed 114124K, reserved 1148928K
  class space    used 13701K, capacity 14600K, committed 14796K, reserved 1048576K
}
Event: 9856.185 GC heap after
{Heap after GC invocations=79 (full 0):
 garbage-first heap   total 183296K, used 113664K [0x0000000080000000, 0x0000000100000000)
  region size 1024K, 2 young (2048K), 2 survivors (2048K)
 Metaspace       used 111119K, capacity 113711K, committed 114124K, reserved 1148928K
  class space    used 13701K, capacity 14600K, committed 14796K, reserved 1048576K
}

