# JRE version: OpenJDK Runtime Environment (11.0.8+10) (build 11.0.8+10-b944.6842174)
# Java VM: OpenJDK 64-Bit Server VM (11.0.8+10-b944.6842174, mixed mode, tiered, compressed oops, g1 gc, windows-amd64)
Heap:
 garbage-first heap   total 264192K, used 170177K [0x0000000080000000, 0x0000000100000000)
  region size 1024K, 17 young (17408K), 2 survivors (2048K)
 Metaspace       used 134129K, capacity 138120K, committed 138444K, reserved 1169408K
  class space    used 16684K, capacity 18053K, committed 18176K, reserved 1048576K
GC Heap History (20 events):
Event: 989.598 GC heap before
{Heap before GC invocations=65 (full 0):
 garbage-first heap   total 220160K, used 141523K [0x0000000080000000, 0x0000000100000000)
  region size 1024K, 10 young (10240K), 6 survivors (6144K)
 Metaspace       used 126976K, capacity 130892K, committed 131020K, reserved 1163264K
  class space    used 16020K, capacity 17361K, committed 17408K, reserved 1048576K
}
Event: 989.607 GC heap after
{Heap after GC invocations=66 (full 0):
 garbage-first heap   total 220160K, used 137681K [0x0000000080000000, 0x0000000100000000)
  region size 1024K, 2 young (2048K), 2 survivors (2048K)
 Metaspace       used 126976K, capacity 130892K, committed 131020K, reserved 1163264K
  class space    used 16020K, capacity 17361K, committed 17408K, reserved 1048576K
}
Event: 989.903 GC heap before
{Heap before GC invocations=66 (full 0):
 garbage-first heap   total 220160K, used 178641K [0x0000000080000000, 0x0000000100000000)
  region size 1024K, 43 young (44032K), 2 survivors (2048K)
 Metaspace       used 129756K, capacity 133676K, committed 133836K, reserved 1165312K
  class space    used 16244K, capacity 17585K, committed 17664K, reserved 1048576K
}
Event: 989.909 GC heap after
{Heap after GC invocations=67 (full 0):
 garbage-first heap   total 220160K, used 139576K [0x0000000080000000, 0x0000000100000000)
  region size 1024K, 3 young (3072K), 3 survivors (3072K)
 Metaspace       used 129756K, capacity 133676K, committed 133836K, reserved 1165312K
  class space    used 16244K, capacity 17585K, committed 17664K, reserved 1048576K
}
Event: 990.266 GC heap before
{Heap before GC invocations=68 (full 0):
 garbage-first heap   total 220160K, used 170970K [0x0000000080000000, 0x0000000100000000)
  region size 1024K, 45 young (46080K), 3 survivors (3072K)
 Metaspace       used 130653K, capacity 134514K, committed 134604K, reserved 1167360K
  class space    used 16306K, capacity 17651K, committed 17664K, reserved 1048576K
}
Event: 990.272 GC heap after
{Heap after GC invocations=69 (full 0):
 garbage-first heap   total 220160K, used 132287K [0x0000000080000000, 0x0000000100000000)
  region size 1024K, 6 young (6144K), 6 survivors (6144K)
 Metaspace       used 130653K, capacity 134514K, committed 134604K, reserved 1167360K
  class space    used 16306K, capacity 17651K, committed 17664K, reserved 1048576K
}
Event: 990.307 GC heap before
{Heap before GC invocations=69 (full 0):
 garbage-first heap   total 220160K, used 136383K [0x0000000080000000, 0x0000000100000000)
  region size 1024K, 10 young (10240K), 6 survivors (6144K)
 Metaspace       used 130834K, capacity 134706K, committed 134860K, reserved 1167360K
  class space    used 16321K, capacity 17651K, committed 17664K, reserved 1048576K
}
Event: 990.326 GC heap after
{Heap after GC invocations=70 (full 0):
 garbage-first heap   total 220160K, used 122855K [0x0000000080000000, 0x0000000100000000)
  region size 1024K, 2 young (2048K), 2 survivors (2048K)
 Metaspace       used 130834K, capacity 134706K, committed 134860K, reserved 1167360K
  class space    used 16321K, capacity 17651K, committed 17664K, reserved 1048576K
}
Event: 990.979 GC heap before
{Heap before GC invocations=70 (full 0):
 garbage-first heap   total 220160K, used 173031K [0x0000000080000000, 0x0000000100000000)
  region size 1024K, 52 young (53248K), 2 survivors (2048K)
 Metaspace       used 132066K, capacity 135971K, committed 136140K, reserved 1167360K
  class space    used 16468K, capacity 17815K, committed 17920K, reserved 1048576K
}
Event: 990.990 GC heap after
{Heap after GC invocations=71 (full 0):
 garbage-first heap   total 220160K, used 124389K [0x0000000080000000, 0x0000000100000000)
  region size 1024K, 4 young (4096K), 4 survivors (4096K)
 Metaspace       used 132066K, capacity 135971K, committed 136140K, reserved 1167360K
  class space    used 16468K, capacity 17815K, committed 17920K, reserved 1048576K
}
Event: 991.566 GC heap before
{Heap before GC invocations=72 (full 0):
 garbage-first heap   total 220160K, used 184805K [0x0000000080000000, 0x0000000100000000)
  region size 1024K, 54 young (55296K), 4 survivors (4096K)
 Metaspace       used 132501K, capacity 136405K, committed 136652K, reserved 1167360K
  class space    used 16516K, capacity 17869K, committed 17920K, reserved 1048576K
}
Event: 991.573 GC heap after
{Heap after GC invocations=73 (full 0):
 garbage-first heap   total 220160K, used 137172K [0x0000000080000000, 0x0000000100000000)
  region size 1024K, 7 young (7168K), 7 survivors (7168K)
 Metaspace       used 132501K, capacity 136405K, committed 136652K, reserved 1167360K
  class space    used 16516K, capacity 17869K, committed 17920K, reserved 1048576K
}
Event: 991.577 GC heap before
{Heap before GC invocations=73 (full 0):
 garbage-first heap   total 220160K, used 139220K [0x0000000080000000, 0x0000000100000000)
  region size 1024K, 10 young (10240K), 7 survivors (7168K)
 Metaspace       used 132502K, capacity 136405K, committed 136652K, reserved 1167360K
  class space    used 16516K, capacity 17869K, committed 17920K, reserved 1048576K
}
Event: 991.587 GC heap after
{Heap after GC invocations=74 (full 0):
 garbage-first heap   total 220160K, used 132083K [0x0000000080000000, 0x0000000100000000)
  region size 1024K, 2 young (2048K), 2 survivors (2048K)
 Metaspace       used 132502K, capacity 136405K, committed 136652K, reserved 1167360K
  class space    used 16516K, capacity 17869K, committed 17920K, reserved 1048576K
}
Event: 991.589 GC heap before
{Heap before GC invocations=74 (full 0):
 garbage-first heap   total 220160K, used 132083K [0x0000000080000000, 0x0000000100000000)
  region size 1024K, 4 young (4096K), 2 survivors (2048K)
 Metaspace       used 132502K, capacity 136405K, committed 136652K, reserved 1167360K
  class space    used 16516K, capacity 17869K, committed 17920K, reserved 1048576K
}
Event: 991.592 GC heap after
{Heap after GC invocations=75 (full 0):
 garbage-first heap   total 220160K, used 132214K [0x0000000080000000, 0x0000000100000000)
  region size 1024K, 2 young (2048K), 2 survivors (2048K)
 Metaspace       used 132502K, capacity 136405K, committed 136652K, reserved 1167360K
  class space    used 16516K, capacity 17869K, committed 17920K, reserved 1048576K
}
Event: 991.871 GC heap before
{Heap before GC invocations=75 (full 0):
 garbage-first heap   total 220160K, used 171126K [0x0000000080000000, 0x0000000100000000)
  region size 1024K, 39 young (39936K), 2 survivors (2048K)
 Metaspace       used 133113K, capacity 137024K, committed 137164K, reserved 1169408K
  class space    used 16575K, capacity 17902K, committed 17920K, reserved 1048576K
}
Event: 991.884 GC heap after
{Heap after GC invocations=76 (full 0):
 garbage-first heap   total 220160K, used 143174K [0x0000000080000000, 0x0000000100000000)
  region size 1024K, 5 young (5120K), 5 survivors (5120K)
 Metaspace       used 133113K, capacity 137024K, committed 137164K, reserved 1169408K
  class space    used 16575K, capacity 17902K, committed 17920K, reserved 1048576K
}
Event: 992.105 GC heap before
{Heap before GC invocations=77 (full 0):
 garbage-first heap   total 220160K, used 173894K [0x0000000080000000, 0x0000000100000000)
  region size 1024K, 36 young (36864K), 5 survivors (5120K)
 Metaspace       used 134031K, capacity 138010K, committed 138060K, reserved 1169408K
  class space    used 16676K, capacity 18018K, committed 18048K, reserved 1048576K
}
Event: 992.126 GC heap after
{Heap after GC invocations=78 (full 0):
 garbage-first heap   total 264192K, used 154349K [0x0000000080000000, 0x0000000100000000)
  region size 1024K, 5 young (5120K), 5 survivors (5120K)
 Metaspace       used 134031K, capacity 138010K, committed 138060K, reserved 1169408K
  class space    used 16676K, capacity 18018K, committed 18048K, reserved 1048576K
}

