# JRE version: OpenJDK Runtime Environment (11.0.8+10) (build 11.0.8+10-b944.6842174)
# Java VM: OpenJDK 64-Bit Server VM (11.0.8+10-b944.6842174, mixed mode, tiered, compressed oops, g1 gc, windows-amd64)
Heap:
 garbage-first heap   total 273408K, used 119099K [0x0000000080000000, 0x0000000100000000)
  region size 1024K, 1 young (1024K), 1 survivors (1024K)
 Metaspace       used 93692K, capacity 96066K, committed 97356K, reserved 1132544K
  class space    used 12054K, capacity 12930K, committed 13440K, reserved 1048576K
GC Heap History (20 events):
Event: 15.089 GC heap after
{Heap after GC invocations=24 (full 0):
 garbage-first heap   total 152576K, used 69511K [0x0000000080000000, 0x0000000100000000)
  region size 1024K, 2 young (2048K), 2 survivors (2048K)
 Metaspace       used 91161K, capacity 93974K, committed 94156K, reserved 1130496K
  class space    used 12112K, capacity 13209K, committed 13312K, reserved 1048576K
}
Event: 15.649 GC heap before
{Heap before GC invocations=24 (full 0):
 garbage-first heap   total 152576K, used 123783K [0x0000000080000000, 0x0000000100000000)
  region size 1024K, 55 young (56320K), 2 survivors (2048K)
 Metaspace       used 91715K, capacity 94501K, committed 94668K, reserved 1130496K
  class space    used 12118K, capacity 13210K, committed 13312K, reserved 1048576K
}
Event: 15.652 GC heap after
{Heap after GC invocations=25 (full 0):
 garbage-first heap   total 152576K, used 69581K [0x0000000080000000, 0x0000000100000000)
  region size 1024K, 2 young (2048K), 2 survivors (2048K)
 Metaspace       used 91715K, capacity 94501K, committed 94668K, reserved 1130496K
  class space    used 12118K, capacity 13210K, committed 13312K, reserved 1048576K
}
Event: 16.146 GC heap before
{Heap before GC invocations=25 (full 0):
 garbage-first heap   total 152576K, used 124877K [0x0000000080000000, 0x0000000100000000)
  region size 1024K, 56 young (57344K), 2 survivors (2048K)
 Metaspace       used 92213K, capacity 94994K, committed 95180K, reserved 1130496K
  class space    used 12137K, capacity 13215K, committed 13312K, reserved 1048576K
}
Event: 16.149 GC heap after
{Heap after GC invocations=26 (full 0):
 garbage-first heap   total 152576K, used 69862K [0x0000000080000000, 0x0000000100000000)
  region size 1024K, 2 young (2048K), 2 survivors (2048K)
 Metaspace       used 92213K, capacity 94994K, committed 95180K, reserved 1130496K
  class space    used 12137K, capacity 13215K, committed 13312K, reserved 1048576K
}
Event: 16.179 GC heap before
{Heap before GC invocations=26 (full 0):
 garbage-first heap   total 152576K, used 72934K [0x0000000080000000, 0x0000000100000000)
  region size 1024K, 6 young (6144K), 2 survivors (2048K)
 Metaspace       used 92241K, capacity 95088K, committed 95180K, reserved 1130496K
  class space    used 12139K, capacity 13220K, committed 13312K, reserved 1048576K
}
Event: 16.185 GC heap after
{Heap after GC invocations=27 (full 0):
 garbage-first heap   total 152576K, used 69907K [0x0000000080000000, 0x0000000100000000)
  region size 1024K, 2 young (2048K), 2 survivors (2048K)
 Metaspace       used 92241K, capacity 95088K, committed 95180K, reserved 1130496K
  class space    used 12139K, capacity 13220K, committed 13312K, reserved 1048576K
}
Event: 16.375 GC heap before
{Heap before GC invocations=28 (full 0):
 garbage-first heap   total 152576K, used 85267K [0x0000000080000000, 0x0000000100000000)
  region size 1024K, 11 young (11264K), 2 survivors (2048K)
 Metaspace       used 91573K, capacity 93886K, committed 95436K, reserved 1132544K
  class space    used 11876K, capacity 12728K, committed 13312K, reserved 1048576K
}
Event: 16.383 GC heap after
{Heap after GC invocations=29 (full 0):
 garbage-first heap   total 152576K, used 78876K [0x0000000080000000, 0x0000000100000000)
  region size 1024K, 5 young (5120K), 5 survivors (5120K)
 Metaspace       used 91573K, capacity 93886K, committed 95436K, reserved 1132544K
  class space    used 11876K, capacity 12728K, committed 13312K, reserved 1048576K
}
Event: 16.799 GC heap before
{Heap before GC invocations=30 (full 0):
 garbage-first heap   total 152576K, used 119836K [0x0000000080000000, 0x0000000100000000)
  region size 1024K, 42 young (43008K), 5 survivors (5120K)
 Metaspace       used 92489K, capacity 94813K, committed 96332K, reserved 1132544K
  class space    used 11986K, capacity 12861K, committed 13440K, reserved 1048576K
}
Event: 16.816 GC heap after
{Heap after GC invocations=31 (full 0):
 garbage-first heap   total 152576K, used 93263K [0x0000000080000000, 0x0000000100000000)
  region size 1024K, 6 young (6144K), 6 survivors (6144K)
 Metaspace       used 92489K, capacity 94813K, committed 96332K, reserved 1132544K
  class space    used 11986K, capacity 12861K, committed 13440K, reserved 1048576K
}
Event: 17.028 GC heap before
{Heap before GC invocations=31 (full 0):
 garbage-first heap   total 152576K, used 119887K [0x0000000080000000, 0x0000000100000000)
  region size 1024K, 32 young (32768K), 6 survivors (6144K)
 Metaspace       used 92812K, capacity 95240K, committed 96588K, reserved 1132544K
  class space    used 12001K, capacity 12893K, committed 13440K, reserved 1048576K
}
Event: 17.056 GC heap after
{Heap after GC invocations=32 (full 0):
 garbage-first heap   total 183296K, used 106907K [0x0000000080000000, 0x0000000100000000)
  region size 1024K, 4 young (4096K), 4 survivors (4096K)
 Metaspace       used 92812K, capacity 95240K, committed 96588K, reserved 1132544K
  class space    used 12001K, capacity 12893K, committed 13440K, reserved 1048576K
}
Event: 17.347 GC heap before
{Heap before GC invocations=33 (full 0):
 garbage-first heap   total 183296K, used 135579K [0x0000000080000000, 0x0000000100000000)
  region size 1024K, 33 young (33792K), 4 survivors (4096K)
 Metaspace       used 92896K, capacity 95255K, committed 96588K, reserved 1132544K
  class space    used 12002K, capacity 12893K, committed 13440K, reserved 1048576K
}
Event: 17.366 GC heap after
{Heap after GC invocations=34 (full 0):
 garbage-first heap   total 183296K, used 119551K [0x0000000080000000, 0x0000000100000000)
  region size 1024K, 5 young (5120K), 5 survivors (5120K)
 Metaspace       used 92896K, capacity 95255K, committed 96588K, reserved 1132544K
  class space    used 12002K, capacity 12893K, committed 13440K, reserved 1048576K
}
Event: 17.620 GC heap before
{Heap before GC invocations=34 (full 0):
 garbage-first heap   total 183296K, used 142079K [0x0000000080000000, 0x0000000100000000)
  region size 1024K, 28 young (28672K), 5 survivors (5120K)
 Metaspace       used 93073K, capacity 95474K, committed 96844K, reserved 1132544K
  class space    used 12006K, capacity 12894K, committed 13440K, reserved 1048576K
}
Event: 17.635 GC heap after
{Heap after GC invocations=35 (full 0):
 garbage-first heap   total 183296K, used 123949K [0x0000000080000000, 0x0000000100000000)
  region size 1024K, 3 young (3072K), 3 survivors (3072K)
 Metaspace       used 93073K, capacity 95474K, committed 96844K, reserved 1132544K
  class space    used 12006K, capacity 12894K, committed 13440K, reserved 1048576K
}
Event: 17.965 GC heap before
{Heap before GC invocations=36 (full 0):
 garbage-first heap   total 183296K, used 142381K [0x0000000080000000, 0x0000000100000000)
  region size 1024K, 25 young (25600K), 3 survivors (3072K)
 Metaspace       used 93509K, capacity 95906K, committed 97100K, reserved 1132544K
  class space    used 12027K, capacity 12898K, committed 13440K, reserved 1048576K
}
Event: 17.974 GC heap after
{Heap after GC invocations=37 (full 0):
 garbage-first heap   total 183296K, used 123571K [0x0000000080000000, 0x0000000100000000)
  region size 1024K, 3 young (3072K), 3 survivors (3072K)
 Metaspace       used 93509K, capacity 95906K, committed 97100K, reserved 1132544K
  class space    used 12027K, capacity 12898K, committed 13440K, reserved 1048576K
}
Event: 18.023 GC heap before
{Heap before GC invocations=37 (full 0):
 garbage-first heap   total 183296K, used 129715K [0x0000000080000000, 0x0000000100000000)
  region size 1024K, 8 young (8192K), 3 survivors (3072K)
 Metaspace       used 93692K, capacity 96066K, committed 97356K, reserved 1132544K
  class space    used 12054K, capacity 12930K, committed 13440K, reserved 1048576K
}

