# JRE version: OpenJDK Runtime Environment (11.0.8+10) (build 11.0.8+10-b944.6842174)
# Java VM: OpenJDK 64-Bit Server VM (11.0.8+10-b944.6842174, mixed mode, tiered, compressed oops, g1 gc, windows-amd64)
Heap:
 garbage-first heap   total 220160K, used 85476K [0x0000000080000000, 0x0000000100000000)
  region size 1024K, 7 young (7168K), 7 survivors (7168K)
 Metaspace       used 97927K, capacity 100718K, committed 101068K, reserved 1136640K
  class space    used 12663K, capacity 13715K, committed 13824K, reserved 1048576K
GC Heap History (20 events):
Event: 14.437 GC heap after
{Heap after GC invocations=24 (full 0):
 garbage-first heap   total 152576K, used 78537K [0x0000000080000000, 0x0000000100000000)
  region size 1024K, 4 young (4096K), 4 survivors (4096K)
 Metaspace       used 77435K, capacity 79422K, committed 79692K, reserved 1118208K
  class space    used 10031K, capacity 10736K, committed 10880K, reserved 1048576K
}
Event: 14.939 GC heap before
{Heap before GC invocations=25 (full 0):
 garbage-first heap   total 152576K, used 113353K [0x0000000080000000, 0x0000000100000000)
  region size 1024K, 35 young (35840K), 4 survivors (4096K)
 Metaspace       used 77584K, capacity 79626K, committed 79948K, reserved 1118208K
  class space    used 10038K, capacity 10739K, committed 10880K, reserved 1048576K
}
Event: 14.949 GC heap after
{Heap after GC invocations=26 (full 0):
 garbage-first heap   total 152576K, used 84722K [0x0000000080000000, 0x0000000100000000)
  region size 1024K, 5 young (5120K), 5 survivors (5120K)
 Metaspace       used 77584K, capacity 79626K, committed 79948K, reserved 1118208K
  class space    used 10038K, capacity 10739K, committed 10880K, reserved 1048576K
}
Event: 15.272 GC heap before
{Heap before GC invocations=27 (full 0):
 garbage-first heap   total 152576K, used 130802K [0x0000000080000000, 0x0000000100000000)
  region size 1024K, 36 young (36864K), 5 survivors (5120K)
 Metaspace       used 80252K, capacity 82299K, committed 82508K, reserved 1120256K
  class space    used 10289K, capacity 10994K, committed 11136K, reserved 1048576K
}
Event: 15.281 GC heap after
{Heap after GC invocations=28 (full 0):
 garbage-first heap   total 152576K, used 88660K [0x0000000080000000, 0x0000000100000000)
  region size 1024K, 4 young (4096K), 4 survivors (4096K)
 Metaspace       used 80252K, capacity 82299K, committed 82508K, reserved 1120256K
  class space    used 10289K, capacity 10994K, committed 11136K, reserved 1048576K
}
Event: 15.457 GC heap before
{Heap before GC invocations=28 (full 0):
 garbage-first heap   total 152576K, used 119380K [0x0000000080000000, 0x0000000100000000)
  region size 1024K, 34 young (34816K), 4 survivors (4096K)
 Metaspace       used 81439K, capacity 83486K, committed 83916K, reserved 1122304K
  class space    used 10378K, capacity 11091K, committed 11264K, reserved 1048576K
}
Event: 15.465 GC heap after
{Heap after GC invocations=29 (full 0):
 garbage-first heap   total 183296K, used 90216K [0x0000000080000000, 0x0000000100000000)
  region size 1024K, 2 young (2048K), 2 survivors (2048K)
 Metaspace       used 81439K, capacity 83486K, committed 83916K, reserved 1122304K
  class space    used 10378K, capacity 11091K, committed 11264K, reserved 1048576K
}
Event: 15.710 GC heap before
{Heap before GC invocations=30 (full 0):
 garbage-first heap   total 183296K, used 124008K [0x0000000080000000, 0x0000000100000000)
  region size 1024K, 42 young (43008K), 2 survivors (2048K)
 Metaspace       used 82530K, capacity 84529K, committed 84684K, reserved 1122304K
  class space    used 10474K, capacity 11161K, committed 11264K, reserved 1048576K
}
Event: 15.713 GC heap after
{Heap after GC invocations=31 (full 0):
 garbage-first heap   total 183296K, used 85219K [0x0000000080000000, 0x0000000100000000)
  region size 1024K, 3 young (3072K), 3 survivors (3072K)
 Metaspace       used 82530K, capacity 84529K, committed 84684K, reserved 1122304K
  class space    used 10474K, capacity 11161K, committed 11264K, reserved 1048576K
}
Event: 15.736 GC heap before
{Heap before GC invocations=31 (full 0):
 garbage-first heap   total 183296K, used 89315K [0x0000000080000000, 0x0000000100000000)
  region size 1024K, 8 young (8192K), 3 survivors (3072K)
 Metaspace       used 82657K, capacity 84689K, committed 84940K, reserved 1122304K
  class space    used 10482K, capacity 11193K, committed 11264K, reserved 1048576K
}
Event: 15.739 GC heap after
{Heap after GC invocations=32 (full 0):
 garbage-first heap   total 183296K, used 71831K [0x0000000080000000, 0x0000000100000000)
  region size 1024K, 1 young (1024K), 1 survivors (1024K)
 Metaspace       used 82657K, capacity 84689K, committed 84940K, reserved 1122304K
  class space    used 10482K, capacity 11193K, committed 11264K, reserved 1048576K
}
Event: 16.212 GC heap before
{Heap before GC invocations=32 (full 0):
 garbage-first heap   total 183296K, used 120983K [0x0000000080000000, 0x0000000100000000)
  region size 1024K, 50 young (51200K), 1 survivors (1024K)
 Metaspace       used 85117K, capacity 87114K, committed 87372K, reserved 1124352K
  class space    used 10777K, capacity 11488K, committed 11648K, reserved 1048576K
}
Event: 16.214 GC heap after
{Heap after GC invocations=33 (full 0):
 garbage-first heap   total 183296K, used 72002K [0x0000000080000000, 0x0000000100000000)
  region size 1024K, 2 young (2048K), 2 survivors (2048K)
 Metaspace       used 85117K, capacity 87114K, committed 87372K, reserved 1124352K
  class space    used 10777K, capacity 11488K, committed 11648K, reserved 1048576K
}
Event: 16.912 GC heap before
{Heap before GC invocations=33 (full 0):
 garbage-first heap   total 183296K, used 124226K [0x0000000080000000, 0x0000000100000000)
  region size 1024K, 54 young (55296K), 2 survivors (2048K)
 Metaspace       used 87554K, capacity 89669K, committed 89804K, reserved 1128448K
  class space    used 11050K, capacity 11774K, committed 11776K, reserved 1048576K
}
Event: 16.918 GC heap after
{Heap after GC invocations=34 (full 0):
 garbage-first heap   total 183296K, used 75225K [0x0000000080000000, 0x0000000100000000)
  region size 1024K, 5 young (5120K), 5 survivors (5120K)
 Metaspace       used 87554K, capacity 89669K, committed 89804K, reserved 1128448K
  class space    used 11050K, capacity 11774K, committed 11776K, reserved 1048576K
}
Event: 17.311 GC heap before
{Heap before GC invocations=34 (full 0):
 garbage-first heap   total 183296K, used 129497K [0x0000000080000000, 0x0000000100000000)
  region size 1024K, 59 young (60416K), 5 survivors (5120K)
 Metaspace       used 89604K, capacity 91897K, committed 91980K, reserved 1128448K
  class space    used 11328K, capacity 12104K, committed 12160K, reserved 1048576K
}
Event: 17.318 GC heap after
{Heap after GC invocations=35 (full 0):
 garbage-first heap   total 183296K, used 81285K [0x0000000080000000, 0x0000000100000000)
  region size 1024K, 8 young (8192K), 8 survivors (8192K)
 Metaspace       used 89604K, capacity 91897K, committed 91980K, reserved 1128448K
  class space    used 11328K, capacity 12104K, committed 12160K, reserved 1048576K
}
Event: 17.621 GC heap before
{Heap before GC invocations=35 (full 0):
 garbage-first heap   total 183296K, used 134533K [0x0000000080000000, 0x0000000100000000)
  region size 1024K, 61 young (62464K), 8 survivors (8192K)
 Metaspace       used 93298K, capacity 95713K, committed 95948K, reserved 1132544K
  class space    used 11870K, capacity 12739K, committed 12800K, reserved 1048576K
}
Event: 17.630 GC heap after
{Heap after GC invocations=36 (full 0):
 garbage-first heap   total 183296K, used 82704K [0x0000000080000000, 0x0000000100000000)
  region size 1024K, 4 young (4096K), 4 survivors (4096K)
 Metaspace       used 93298K, capacity 95713K, committed 95948K, reserved 1132544K
  class space    used 11870K, capacity 12739K, committed 12800K, reserved 1048576K
}
Event: 18.132 GC heap before
{Heap before GC invocations=36 (full 0):
 garbage-first heap   total 183296K, used 139024K [0x0000000080000000, 0x0000000100000000)
  region size 1024K, 58 young (59392K), 4 survivors (4096K)
 Metaspace       used 97927K, capacity 100718K, committed 101068K, reserved 1136640K
  class space    used 12663K, capacity 13715K, committed 13824K, reserved 1048576K
}

